[[1;34mINFO[m] Scanning for projects...
Downloading from central: https://repo.maven.apache.org/maven2/org/apache/commons/commons-parent/30/commons-parent-30.pom
Progress (1): 2.7/56 kBProgress (1): 5.5/56 kBProgress (1): 8.2/56 kBProgress (1): 11/56 kB Progress (1): 14/56 kBProgress (1): 16/56 kBProgress (1): 19/56 kBProgress (1): 21/56 kBProgress (1): 24/56 kBProgress (1): 27/56 kBProgress (1): 30/56 kBProgress (1): 32/56 kBProgress (1): 35/56 kBProgress (1): 38/56 kBProgress (1): 40/56 kBProgress (1): 43/56 kBProgress (1): 46/56 kBProgress (1): 49/56 kBProgress (1): 51/56 kBProgress (1): 54/56 kBProgress (1): 56 kB                      Downloaded from central: https://repo.maven.apache.org/maven2/org/apache/commons/commons-parent/30/commons-parent-30.pom (56 kB at 179 kB/s)
Downloading from central: https://repo.maven.apache.org/maven2/org/apache/maven/plugins/maven-surefire-plugin/2.14.1/maven-surefire-plugin-2.14.1.pom
Progress (1): 2.7/5.5 kBProgress (1): 5.5 kB                        Downloaded from central: https://repo.maven.apache.org/maven2/org/apache/maven/plugins/maven-surefire-plugin/2.14.1/maven-surefire-plugin-2.14.1.pom (5.5 kB at 390 kB/s)
Downloading from central: https://repo.maven.apache.org/maven2/org/apache/maven/surefire/surefire/2.14.1/surefire-2.14.1.pom
Progress (1): 4.1/18 kBProgress (1): 8.2/18 kBProgress (1): 12/18 kB Progress (1): 16/18 kBProgress (1): 18 kB                      Downloaded from central: https://repo.maven.apache.org/maven2/org/apache/maven/surefire/surefire/2.14.1/surefire-2.14.1.pom (18 kB at 1.1 MB/s)
Downloading from central: https://repo.maven.apache.org/maven2/org/apache/maven/plugins/maven-surefire-plugin/2.14.1/maven-surefire-plugin-2.14.1.jar
Progress (1): 4.1/32 kBProgress (1): 8.2/32 kBProgress (1): 12/32 kB Progress (1): 16/32 kBProgress (1): 20/32 kBProgress (1): 24/32 kBProgress (1): 28/32 kBProgress (1): 32 kB                      Downloaded from central: https://repo.maven.apache.org/maven2/org/apache/maven/plugins/maven-surefire-plugin/2.14.1/maven-surefire-plugin-2.14.1.jar (32 kB at 975 kB/s)
Downloading from central: https://repo.maven.apache.org/maven2/org/jacoco/jacoco-maven-plugin/0.6.2.201302030002/jacoco-maven-plugin-0.6.2.201302030002.pom
Progress (1): 3.6 kB                    Downloaded from central: https://repo.maven.apache.org/maven2/org/jacoco/jacoco-maven-plugin/0.6.2.201302030002/jacoco-maven-plugin-0.6.2.201302030002.pom (3.6 kB at 303 kB/s)
Downloading from central: https://repo.maven.apache.org/maven2/org/jacoco/org.jacoco.build/0.6.2.201302030002/org.jacoco.build-0.6.2.201302030002.pom
Progress (1): 4.1/33 kBProgress (1): 8.2/33 kBProgress (1): 12/33 kB Progress (1): 16/33 kBProgress (1): 20/33 kBProgress (1): 24/33 kBProgress (1): 28/33 kBProgress (1): 32/33 kBProgress (1): 33 kB                      Downloaded from central: https://repo.maven.apache.org/maven2/org/jacoco/org.jacoco.build/0.6.2.201302030002/org.jacoco.build-0.6.2.201302030002.pom (33 kB at 1.9 MB/s)
Downloading from central: https://repo.maven.apache.org/maven2/org/jacoco/jacoco-maven-plugin/0.6.2.201302030002/jacoco-maven-plugin-0.6.2.201302030002.jar
Progress (1): 4.1/36 kBProgress (1): 8.2/36 kBProgress (1): 12/36 kB Progress (1): 16/36 kBProgress (1): 20/36 kBProgress (1): 24/36 kBProgress (1): 28/36 kBProgress (1): 32/36 kBProgress (1): 36/36 kBProgress (1): 36 kB                      Downloaded from central: https://repo.maven.apache.org/maven2/org/jacoco/jacoco-maven-plugin/0.6.2.201302030002/jacoco-maven-plugin-0.6.2.201302030002.jar (36 kB at 322 kB/s)
[[1;34mINFO[m] 
[[1;34mINFO[m] [1m------------------< [0;36morg.apache.commons:commons-math3[0;1m >------------------[m
[[1;34mINFO[m] [1mBuilding Commons Math 3.3-SNAPSHOT[m
[[1;34mINFO[m] [1m--------------------------------[ jar ]---------------------------------[m
[[1;34mINFO[m] 
[[1;34mINFO[m] [1m--- [0;32mmaven-clean-plugin:2.5:clean[m [1m(default-clean)[m @ [36mcommons-math3[0;1m ---[m
[[1;34mINFO[m] 
[[1;34mINFO[m] [1m--- [0;32mclover-maven-plugin:4.4.1:setup[m [1m(default-cli)[m @ [36mcommons-math3[0;1m ---[m
[[1;34mINFO[m] OpenClover Version 4.4.1, built on October 11 2019 (build-1020)
[[1;34mINFO[m] Creating new database at '/home/khaes/phd/projects/explanation/code/tmp/proj-explanation/original/target/clover/clover.db'.
[[1;34mINFO[m] Processing files at 1.9 source level.
[[1;34mINFO[m] Clover all over. Instrumented 795 files (62 packages).
[[1;34mINFO[m] OpenClover Version 4.4.1, built on October 11 2019 (build-1020)
[[1;34mINFO[m] Updating existing database at '/home/khaes/phd/projects/explanation/code/tmp/proj-explanation/original/target/clover/clover.db'.
[[1;34mINFO[m] Processing files at 1.9 source level.
[[1;34mINFO[m] Clover all over. Instrumented 478 files (61 packages).
[[1;34mINFO[m] 3496 test methods detected.
[[1;34mINFO[m] 
[[1;34mINFO[m] [1m--- [0;32mmaven-antrun-plugin:1.7:run[m [1m(javadoc.resources)[m @ [36mcommons-math3[0;1m ---[m
[[1;34mINFO[m] Executing tasks

main:
     [copy] Copying 2 files to /home/khaes/phd/projects/explanation/code/tmp/proj-explanation/original/target/apidocs/META-INF
[[1;34mINFO[m] Executed tasks
[[1;34mINFO[m] 
[[1;34mINFO[m] [1m--- [0;32mmaven-remote-resources-plugin:1.4:process[m [1m(default)[m @ [36mcommons-math3[0;1m ---[m
[[1;34mINFO[m] 
[[1;34mINFO[m] [1m--- [0;32mbuildnumber-maven-plugin:1.2:create[m [1m(default)[m @ [36mcommons-math3[0;1m ---[m
[[1;34mINFO[m] Checking for local modifications: skipped.
[[1;34mINFO[m] Updating project files from SCM: skipped.
[[1;34mINFO[m] Executing: /bin/sh -c cd /home/khaes/phd/projects/explanation/code/tmp/proj-explanation/original && svn --non-interactive info
[[1;34mINFO[m] Working directory: /home/khaes/phd/projects/explanation/code/tmp/proj-explanation/original
[[1;34mINFO[m] Storing buildNumber: ?????? at timestamp: 1648933140019
[[1;34mINFO[m] Executing: /bin/sh -c cd /home/khaes/phd/projects/explanation/code/tmp/proj-explanation/original && svn --non-interactive info
[[1;34mINFO[m] Working directory: /home/khaes/phd/projects/explanation/code/tmp/proj-explanation/original
[[1;34mINFO[m] Storing buildScmBranch: UNKNOWN_BRANCH
[[1;34mINFO[m] 
[[1;34mINFO[m] [1m--- [0;32mmaven-resources-plugin:2.6:resources[m [1m(default-resources)[m @ [36mcommons-math3[0;1m ---[m
[[1;34mINFO[m] Using 'UTF-8' encoding to copy filtered resources.
[[1;34mINFO[m] Copying 2 resources
[[1;34mINFO[m] Copying 2 resources to META-INF
[[1;34mINFO[m] Copying 1 resource
[[1;34mINFO[m] 
[[1;34mINFO[m] [1m--- [0;32mmaven-compiler-plugin:3.1:compile[m [1m(default-compile)[m @ [36mcommons-math3[0;1m ---[m
[[1;34mINFO[m] Changes detected - recompiling the module!
[[1;34mINFO[m] Compiling 795 source files to /home/khaes/phd/projects/explanation/code/tmp/proj-explanation/original/target/classes
[[1;33mWARNING[m] /home/khaes/phd/projects/explanation/code/tmp/proj-explanation/original/target/clover/src-instrumented/org/apache/commons/math3/distribution/AbstractRealDistribution.java: Some input files use or override a deprecated API.
[[1;33mWARNING[m] /home/khaes/phd/projects/explanation/code/tmp/proj-explanation/original/target/clover/src-instrumented/org/apache/commons/math3/distribution/AbstractRealDistribution.java: Recompile with -Xlint:deprecation for details.
[[1;34mINFO[m] 
[[1;34mINFO[m] [1m--- [0;32mmaven-bundle-plugin:2.3.7:manifest[m [1m(bundle-manifest)[m @ [36mcommons-math3[0;1m ---[m
[[1;34mINFO[m] 
[[1;34mINFO[m] [1m--- [0;32mmaven-resources-plugin:2.6:testResources[m [1m(default-testResources)[m @ [36mcommons-math3[0;1m ---[m
[[1;34mINFO[m] Using 'UTF-8' encoding to copy filtered resources.
[[1;34mINFO[m] Copying 28 resources
[[1;34mINFO[m] Copying 2 resources to META-INF
[[1;34mINFO[m] 
[[1;34mINFO[m] [1m--- [0;32mmaven-compiler-plugin:3.1:testCompile[m [1m(default-testCompile)[m @ [36mcommons-math3[0;1m ---[m
[[1;34mINFO[m] Changes detected - recompiling the module!
[[1;34mINFO[m] Compiling 478 source files to /home/khaes/phd/projects/explanation/code/tmp/proj-explanation/original/target/test-classes
[[1;33mWARNING[m] /home/khaes/phd/projects/explanation/code/tmp/proj-explanation/original/target/clover/src-test-instrumented/org/apache/commons/math3/optimization/MultivariateDifferentiableMultiStartOptimizerTest.java: Some input files use or override a deprecated API.
[[1;33mWARNING[m] /home/khaes/phd/projects/explanation/code/tmp/proj-explanation/original/target/clover/src-test-instrumented/org/apache/commons/math3/optimization/MultivariateDifferentiableMultiStartOptimizerTest.java: Recompile with -Xlint:deprecation for details.
[[1;34mINFO[m] 
[[1;34mINFO[m] [1m--- [0;32mjacoco-maven-plugin:0.6.2.201302030002:prepare-agent[m [1m(prepare-agent)[m @ [36mcommons-math3[0;1m ---[m
Downloading from central: https://repo.maven.apache.org/maven2/org/jacoco/org.jacoco.agent/0.6.2.201302030002/org.jacoco.agent-0.6.2.201302030002.pom
Progress (1): 2.9 kB                    Downloaded from central: https://repo.maven.apache.org/maven2/org/jacoco/org.jacoco.agent/0.6.2.201302030002/org.jacoco.agent-0.6.2.201302030002.pom (2.9 kB at 27 kB/s)
Downloading from central: https://repo.maven.apache.org/maven2/org/jacoco/org.jacoco.core/0.6.2.201302030002/org.jacoco.core-0.6.2.201302030002.pom
Progress (1): 1.2 kB                    Downloaded from central: https://repo.maven.apache.org/maven2/org/jacoco/org.jacoco.core/0.6.2.201302030002/org.jacoco.core-0.6.2.201302030002.pom (1.2 kB at 111 kB/s)
Downloading from central: https://repo.maven.apache.org/maven2/org/jacoco/org.jacoco.report/0.6.2.201302030002/org.jacoco.report-0.6.2.201302030002.pom
Progress (1): 1.4 kB                    Downloaded from central: https://repo.maven.apache.org/maven2/org/jacoco/org.jacoco.report/0.6.2.201302030002/org.jacoco.report-0.6.2.201302030002.pom (1.4 kB at 135 kB/s)
Downloading from central: https://repo.maven.apache.org/maven2/org/jacoco/org.jacoco.agent/0.6.2.201302030002/org.jacoco.agent-0.6.2.201302030002-runtime.jar
Downloading from central: https://repo.maven.apache.org/maven2/org/jacoco/org.jacoco.report/0.6.2.201302030002/org.jacoco.report-0.6.2.201302030002.jar
Downloading from central: https://repo.maven.apache.org/maven2/org/jacoco/org.jacoco.core/0.6.2.201302030002/org.jacoco.core-0.6.2.201302030002.jar
Progress (1): 4.1/196 kBProgress (1): 8.2/196 kBProgress (1): 12/196 kB Progress (1): 16/196 kBProgress (1): 20/196 kBProgress (1): 24/196 kBProgress (1): 28/196 kBProgress (1): 32/196 kBProgress (1): 36/196 kBProgress (1): 40/196 kBProgress (1): 44/196 kBProgress (1): 49/196 kBProgress (1): 53/196 kBProgress (1): 57/196 kBProgress (1): 61/196 kBProgress (1): 65/196 kBProgress (1): 69/196 kBProgress (1): 73/196 kBProgress (1): 77/196 kBProgress (1): 81/196 kBProgress (1): 85/196 kBProgress (1): 90/196 kBProgress (1): 94/196 kBProgress (1): 98/196 kBProgress (1): 102/196 kBProgress (1): 106/196 kBProgress (1): 110/196 kBProgress (1): 114/196 kBProgress (1): 118/196 kBProgress (1): 122/196 kBProgress (1): 126/196 kBProgress (1): 130/196 kBProgress (1): 135/196 kBProgress (2): 135/196 kB | 2.7/128 kBProgress (2): 139/196 kB | 2.7/128 kBProgress (2): 143/196 kB | 2.7/128 kBProgress (2): 147/196 kB | 2.7/128 kBProgress (3): 147/196 kB | 2.7/128 kB | 2.7/128 kBProgress (3): 147/196 kB | 5.5/128 kB | 2.7/128 kBProgress (3): 147/196 kB | 8.2/128 kB | 2.7/128 kBProgress (3): 147/196 kB | 11/128 kB | 2.7/128 kB Progress (3): 147/196 kB | 14/128 kB | 2.7/128 kBProgress (3): 147/196 kB | 16/128 kB | 2.7/128 kBProgress (3): 147/196 kB | 19/128 kB | 2.7/128 kBProgress (3): 147/196 kB | 21/128 kB | 2.7/128 kBProgress (3): 147/196 kB | 24/128 kB | 2.7/128 kBProgress (3): 147/196 kB | 24/128 kB | 5.5/128 kBProgress (3): 147/196 kB | 27/128 kB | 5.5/128 kBProgress (3): 147/196 kB | 27/128 kB | 8.2/128 kBProgress (3): 147/196 kB | 30/128 kB | 8.2/128 kBProgress (3): 147/196 kB | 30/128 kB | 11/128 kB Progress (3): 147/196 kB | 32/128 kB | 11/128 kBProgress (3): 147/196 kB | 32/128 kB | 14/128 kBProgress (3): 147/196 kB | 35/128 kB | 14/128 kBProgress (3): 147/196 kB | 35/128 kB | 16/128 kBProgress (3): 147/196 kB | 38/128 kB | 16/128 kBProgress (3): 147/196 kB | 38/128 kB | 19/128 kBProgress (3): 147/196 kB | 40/128 kB | 19/128 kBProgress (3): 147/196 kB | 43/128 kB | 19/128 kBProgress (3): 147/196 kB | 43/128 kB | 21/128 kBProgress (3): 147/196 kB | 46/128 kB | 21/128 kBProgress (3): 147/196 kB | 46/128 kB | 24/128 kBProgress (3): 147/196 kB | 49/128 kB | 24/128 kBProgress (3): 151/196 kB | 49/128 kB | 24/128 kBProgress (3): 155/196 kB | 49/128 kB | 24/128 kBProgress (3): 159/196 kB | 49/128 kB | 24/128 kBProgress (3): 163/196 kB | 49/128 kB | 24/128 kBProgress (3): 167/196 kB | 49/128 kB | 24/128 kBProgress (3): 171/196 kB | 49/128 kB | 24/128 kBProgress (3): 171/196 kB | 49/128 kB | 27/128 kBProgress (3): 176/196 kB | 49/128 kB | 27/128 kBProgress (3): 180/196 kB | 49/128 kB | 27/128 kBProgress (3): 184/196 kB | 49/128 kB | 27/128 kBProgress (3): 188/196 kB | 49/128 kB | 27/128 kBProgress (3): 192/196 kB | 49/128 kB | 27/128 kBProgress (3): 196/196 kB | 49/128 kB | 27/128 kBProgress (3): 196/196 kB | 53/128 kB | 27/128 kBProgress (3): 196/196 kB | 53/128 kB | 30/128 kBProgress (3): 196 kB | 53/128 kB | 30/128 kB    Progress (3): 196 kB | 57/128 kB | 30/128 kBProgress (3): 196 kB | 57/128 kB | 32/128 kBProgress (3): 196 kB | 61/128 kB | 32/128 kBProgress (3): 196 kB | 61/128 kB | 35/128 kBProgress (3): 196 kB | 65/128 kB | 35/128 kBProgress (3): 196 kB | 65/128 kB | 38/128 kBProgress (3): 196 kB | 65/128 kB | 40/128 kBProgress (3): 196 kB | 69/128 kB | 40/128 kBProgress (3): 196 kB | 73/128 kB | 40/128 kBProgress (3): 196 kB | 77/128 kB | 40/128 kBProgress (3): 196 kB | 81/128 kB | 40/128 kB                                            Downloaded from central: https://repo.maven.apache.org/maven2/org/jacoco/org.jacoco.agent/0.6.2.201302030002/org.jacoco.agent-0.6.2.201302030002-runtime.jar (196 kB at 2.1 MB/s)
Progress (2): 81/128 kB | 43/128 kBProgress (2): 81/128 kB | 46/128 kBProgress (2): 85/128 kB | 46/128 kBProgress (2): 85/128 kB | 49/128 kBProgress (2): 90/128 kB | 49/128 kBProgress (2): 94/128 kB | 49/128 kBProgress (2): 94/128 kB | 53/128 kBProgress (2): 98/128 kB | 53/128 kBProgress (2): 98/128 kB | 57/128 kBProgress (2): 98/128 kB | 61/128 kBProgress (2): 102/128 kB | 61/128 kBProgress (2): 102/128 kB | 65/128 kBProgress (2): 106/128 kB | 65/128 kBProgress (2): 110/128 kB | 65/128 kBProgress (2): 114/128 kB | 65/128 kBProgress (2): 114/128 kB | 69/128 kBProgress (2): 114/128 kB | 73/128 kBProgress (2): 114/128 kB | 77/128 kBProgress (2): 118/128 kB | 77/128 kBProgress (2): 118/128 kB | 81/128 kBProgress (2): 122/128 kB | 81/128 kBProgress (2): 126/128 kB | 81/128 kBProgress (2): 126/128 kB | 85/128 kBProgress (2): 128 kB | 85/128 kB    Progress (2): 128 kB | 90/128 kBProgress (2): 128 kB | 94/128 kBProgress (2): 128 kB | 98/128 kBProgress (2): 128 kB | 102/128 kBProgress (2): 128 kB | 106/128 kBProgress (2): 128 kB | 110/128 kBProgress (2): 128 kB | 114/128 kBProgress (2): 128 kB | 118/128 kB                                 Downloaded from central: https://repo.maven.apache.org/maven2/org/jacoco/org.jacoco.core/0.6.2.201302030002/org.jacoco.core-0.6.2.201302030002.jar (128 kB at 1.2 MB/s)
Progress (1): 122/128 kBProgress (1): 126/128 kBProgress (1): 128 kB                        Downloaded from central: https://repo.maven.apache.org/maven2/org/jacoco/org.jacoco.report/0.6.2.201302030002/org.jacoco.report-0.6.2.201302030002.jar (128 kB at 1.1 MB/s)
[[1;34mINFO[m] argLine set to -javaagent:/home/khaes/.m2/repository/org/jacoco/org.jacoco.agent/0.6.2.201302030002/org.jacoco.agent-0.6.2.201302030002-runtime.jar=destfile=/home/khaes/phd/projects/explanation/code/tmp/proj-explanation/original/target/jacoco.exec
[[1;34mINFO[m] 
[[1;34mINFO[m] [1m--- [0;32mmaven-surefire-plugin:2.14.1:test[m [1m(default-test)[m @ [36mcommons-math3[0;1m ---[m
Downloading from central: https://repo.maven.apache.org/maven2/org/apache/maven/surefire/maven-surefire-common/2.14.1/maven-surefire-common-2.14.1.pom
Progress (1): 4.1/5.6 kBProgress (1): 5.6 kB                        Downloaded from central: https://repo.maven.apache.org/maven2/org/apache/maven/surefire/maven-surefire-common/2.14.1/maven-surefire-common-2.14.1.pom (5.6 kB at 563 kB/s)
Downloading from central: https://repo.maven.apache.org/maven2/org/apache/maven/surefire/surefire-api/2.14.1/surefire-api-2.14.1.pom
Progress (1): 2.5 kB                    Downloaded from central: https://repo.maven.apache.org/maven2/org/apache/maven/surefire/surefire-api/2.14.1/surefire-api-2.14.1.pom (2.5 kB at 277 kB/s)
Downloading from central: https://repo.maven.apache.org/maven2/org/apache/maven/surefire/surefire-booter/2.14.1/surefire-booter-2.14.1.pom
Progress (1): 3.0 kB                    Downloaded from central: https://repo.maven.apache.org/maven2/org/apache/maven/surefire/surefire-booter/2.14.1/surefire-booter-2.14.1.pom (3.0 kB at 337 kB/s)
Downloading from central: https://repo.maven.apache.org/maven2/org/apache/maven/surefire/maven-surefire-common/2.14.1/maven-surefire-common-2.14.1.jar
Downloading from central: https://repo.maven.apache.org/maven2/org/apache/maven/surefire/surefire-booter/2.14.1/surefire-booter-2.14.1.jar
Progress (1): 4.1/233 kBProgress (1): 8.2/233 kBProgress (1): 12/233 kB Progress (1): 16/233 kBProgress (1): 20/233 kBProgress (1): 24/233 kBProgress (1): 28/233 kBProgress (1): 32/233 kBProgress (1): 36/233 kBProgress (1): 40/233 kBProgress (1): 44/233 kBProgress (1): 49/233 kBProgress (1): 53/233 kBProgress (1): 57/233 kBProgress (1): 61/233 kBProgress (1): 65/233 kBProgress (1): 69/233 kBProgress (1): 73/233 kBProgress (1): 77/233 kBProgress (1): 81/233 kB                       Downloading from central: https://repo.maven.apache.org/maven2/org/apache/maven/surefire/surefire-api/2.14.1/surefire-api-2.14.1.jar
Progress (1): 85/233 kBProgress (1): 90/233 kBProgress (1): 94/233 kBProgress (1): 98/233 kBProgress (2): 98/233 kB | 4.1/36 kBProgress (2): 102/233 kB | 4.1/36 kBProgress (2): 102/233 kB | 8.2/36 kBProgress (2): 106/233 kB | 8.2/36 kBProgress (2): 106/233 kB | 12/36 kB Progress (2): 106/233 kB | 16/36 kBProgress (2): 106/233 kB | 20/36 kBProgress (3): 106/233 kB | 20/36 kB | 4.1/156 kBProgress (3): 110/233 kB | 20/36 kB | 4.1/156 kBProgress (3): 110/233 kB | 24/36 kB | 4.1/156 kBProgress (3): 110/233 kB | 24/36 kB | 8.2/156 kBProgress (3): 114/233 kB | 24/36 kB | 8.2/156 kBProgress (3): 114/233 kB | 28/36 kB | 8.2/156 kBProgress (3): 114/233 kB | 28/36 kB | 12/156 kB Progress (3): 114/233 kB | 32/36 kB | 12/156 kBProgress (3): 114/233 kB | 32/36 kB | 16/156 kBProgress (3): 114/233 kB | 36 kB | 16/156 kB   Progress (3): 114/233 kB | 36 kB | 20/156 kBProgress (3): 114/233 kB | 36 kB | 24/156 kBProgress (3): 114/233 kB | 36 kB | 28/156 kBProgress (3): 114/233 kB | 36 kB | 32/156 kBProgress (3): 118/233 kB | 36 kB | 32/156 kBProgress (3): 122/233 kB | 36 kB | 32/156 kBProgress (3): 126/233 kB | 36 kB | 32/156 kB                                            Downloaded from central: https://repo.maven.apache.org/maven2/org/apache/maven/surefire/surefire-booter/2.14.1/surefire-booter-2.14.1.jar (36 kB at 1.1 MB/s)
Progress (2): 126/233 kB | 36/156 kBProgress (2): 130/233 kB | 36/156 kBProgress (2): 130/233 kB | 40/156 kBProgress (2): 130/233 kB | 44/156 kBProgress (2): 130/233 kB | 49/156 kBProgress (2): 135/233 kB | 49/156 kBProgress (2): 139/233 kB | 49/156 kBProgress (2): 143/233 kB | 49/156 kBProgress (2): 143/233 kB | 53/156 kBProgress (2): 147/233 kB | 53/156 kBProgress (2): 147/233 kB | 57/156 kBProgress (2): 147/233 kB | 61/156 kBProgress (2): 147/233 kB | 65/156 kBProgress (2): 151/233 kB | 65/156 kBProgress (2): 155/233 kB | 65/156 kBProgress (2): 159/233 kB | 65/156 kBProgress (2): 163/233 kB | 65/156 kBProgress (2): 167/233 kB | 65/156 kBProgress (2): 171/233 kB | 65/156 kBProgress (2): 176/233 kB | 65/156 kBProgress (2): 180/233 kB | 65/156 kBProgress (2): 184/233 kB | 65/156 kBProgress (2): 188/233 kB | 65/156 kBProgress (2): 192/233 kB | 65/156 kBProgress (2): 196/233 kB | 65/156 kBProgress (2): 196/233 kB | 69/156 kBProgress (2): 196/233 kB | 73/156 kBProgress (2): 196/233 kB | 77/156 kBProgress (2): 200/233 kB | 77/156 kBProgress (2): 200/233 kB | 81/156 kBProgress (2): 204/233 kB | 81/156 kBProgress (2): 208/233 kB | 81/156 kBProgress (2): 212/233 kB | 81/156 kBProgress (2): 212/233 kB | 85/156 kBProgress (2): 212/233 kB | 90/156 kBProgress (2): 212/233 kB | 94/156 kBProgress (2): 217/233 kB | 94/156 kBProgress (2): 217/233 kB | 98/156 kBProgress (2): 221/233 kB | 98/156 kBProgress (2): 225/233 kB | 98/156 kBProgress (2): 229/233 kB | 98/156 kBProgress (2): 229/233 kB | 102/156 kBProgress (2): 233/233 kB | 102/156 kBProgress (2): 233/233 kB | 106/156 kBProgress (2): 233 kB | 106/156 kB    Progress (2): 233 kB | 110/156 kBProgress (2): 233 kB | 114/156 kBProgress (2): 233 kB | 118/156 kBProgress (2): 233 kB | 122/156 kBProgress (2): 233 kB | 126/156 kBProgress (2): 233 kB | 130/156 kBProgress (2): 233 kB | 135/156 kBProgress (2): 233 kB | 139/156 kBProgress (2): 233 kB | 143/156 kBProgress (2): 233 kB | 147/156 kBProgress (2): 233 kB | 151/156 kBProgress (2): 233 kB | 155/156 kBProgress (2): 233 kB | 156 kB                                 Downloaded from central: https://repo.maven.apache.org/maven2/org/apache/maven/surefire/maven-surefire-common/2.14.1/maven-surefire-common-2.14.1.jar (233 kB at 4.0 MB/s)
Downloaded from central: https://repo.maven.apache.org/maven2/org/apache/maven/surefire/surefire-api/2.14.1/surefire-api-2.14.1.jar (156 kB at 2.7 MB/s)
[[1;34mINFO[m] Surefire report directory: /home/khaes/phd/projects/explanation/code/tmp/proj-explanation/original/target/surefire-reports
Downloading from central: https://repo.maven.apache.org/maven2/org/apache/maven/surefire/surefire-junit4/2.14.1/surefire-junit4-2.14.1.pom
Progress (1): 2.5 kB                    Downloaded from central: https://repo.maven.apache.org/maven2/org/apache/maven/surefire/surefire-junit4/2.14.1/surefire-junit4-2.14.1.pom (2.5 kB at 25 kB/s)
Downloading from central: https://repo.maven.apache.org/maven2/org/apache/maven/surefire/surefire-providers/2.14.1/surefire-providers-2.14.1.pom
Progress (1): 2.4 kB                    Downloaded from central: https://repo.maven.apache.org/maven2/org/apache/maven/surefire/surefire-providers/2.14.1/surefire-providers-2.14.1.pom (2.4 kB at 24 kB/s)
Downloading from central: https://repo.maven.apache.org/maven2/org/apache/maven/surefire/surefire-junit4/2.14.1/surefire-junit4-2.14.1.jar
Progress (1): 4.1/79 kBProgress (1): 8.2/79 kBProgress (1): 12/79 kB Progress (1): 16/79 kBProgress (1): 20/79 kBProgress (1): 24/79 kBProgress (1): 28/79 kBProgress (1): 32/79 kBProgress (1): 36/79 kBProgress (1): 40/79 kBProgress (1): 44/79 kBProgress (1): 49/79 kBProgress (1): 53/79 kBProgress (1): 57/79 kBProgress (1): 61/79 kBProgress (1): 65/79 kBProgress (1): 69/79 kBProgress (1): 73/79 kBProgress (1): 77/79 kBProgress (1): 79 kB                      Downloaded from central: https://repo.maven.apache.org/maven2/org/apache/maven/surefire/surefire-junit4/2.14.1/surefire-junit4-2.14.1.jar (79 kB at 729 kB/s)

-------------------------------------------------------
 T E S T S
-------------------------------------------------------
Exception in thread "main" java.lang.reflect.InvocationTargetException
	at java.base/jdk.internal.reflect.NativeMethodAccessorImpl.invoke0(Native Method)
	at java.base/jdk.internal.reflect.NativeMethodAccessorImpl.invoke(NativeMethodAccessorImpl.java:62)
	at java.base/jdk.internal.reflect.DelegatingMethodAccessorImpl.invoke(DelegatingMethodAccessorImpl.java:43)
	at java.base/java.lang.reflect.Method.invoke(Method.java:566)
	at java.instrument/sun.instrument.InstrumentationImpl.loadClassAndStartAgent(InstrumentationImpl.java:513)
	at java.instrument/sun.instrument.InstrumentationImpl.loadClassAndCallPremain(InstrumentationImpl.java:525)
Caused by: java.lang.RuntimeException: Class java/util/UUID could not be instrumented.
	at org.jacoco.agent.rt.internal_5d10cad.core.runtime.ModifiedSystemClassRuntime.createFor(ModifiedSystemClassRuntime.java:138)
	at org.jacoco.agent.rt.internal_5d10cad.core.runtime.ModifiedSystemClassRuntime.createFor(ModifiedSystemClassRuntime.java:99)
	at org.jacoco.agent.rt.internal_5d10cad.PreMain.createRuntime(PreMain.java:51)
	at org.jacoco.agent.rt.internal_5d10cad.PreMain.premain(PreMain.java:43)
	... 6 more
Caused by: java.lang.NoSuchFieldException: $jacocoAccess
	at java.base/java.lang.Class.getField(Class.java:1999)
	at org.jacoco.agent.rt.internal_5d10cad.core.runtime.ModifiedSystemClassRuntime.createFor(ModifiedSystemClassRuntime.java:136)
	... 9 more
*** java.lang.instrument ASSERTION FAILED ***: "result" with message agent load/premain call failed at src/java.instrument/share/native/libinstrument/JPLISAgent.c line: 422
FATAL ERROR in native method: processing of -javaagent failed, processJavaStart failed
Aborted (core dumped)

Results :

Tests run: 0, Failures: 0, Errors: 0, Skipped: 0

[[1;34mINFO[m] 
[[1;34mINFO[m] [1m------------------< [0;36morg.apache.commons:commons-math3[0;1m >------------------[m
[[1;34mINFO[m] [1mBuilding Commons Math 3.3-SNAPSHOT[m
[[1;34mINFO[m] [1m--------------------------------[ jar ]---------------------------------[m
[[1;34mINFO[m] 
[[1;34mINFO[m] [1m--- [0;32mclover-maven-plugin:4.4.1:aggregate[m [1m(default-cli)[m @ [36mcommons-math3[0;1m ---[m
[[1;34mINFO[m] 
[[1;34mINFO[m] [1m------------------< [0;36morg.apache.commons:commons-math3[0;1m >------------------[m
[[1;34mINFO[m] [1mBuilding Commons Math 3.3-SNAPSHOT[m
[[1;34mINFO[m] [1m--------------------------------[ jar ]---------------------------------[m
[[1;34mINFO[m] 
[[1;34mINFO[m] [1m--- [0;32mclover-maven-plugin:4.4.1:clover[m [1m(default-cli)[m @ [36mcommons-math3[0;1m ---[m
[[1;34mINFO[m] Using Clover report descriptor: /home/khaes/phd/projects/explanation/code/tmp/proj-explanation/original/clover-descriptor.xml
[[1;34mINFO[m] OpenClover Version 4.4.1, built on October 11 2019 (build-1020)
[[1;34mINFO[m] Clover is enabled with initstring '/home/khaes/phd/projects/explanation/code/tmp/proj-explanation/original/target/clover/clover.db'
[[1;34mINFO[m] OpenClover Version 4.4.1, built on October 11 2019 (build-1020)
[[1;34mINFO[m] Loading coverage database from: '/home/khaes/phd/projects/explanation/code/tmp/proj-explanation/original/target/clover/clover.db'
[[1;33mWARNING[m] No coverage recordings found. No report will be generated.
[[1;34mINFO[m] OpenClover Version 4.4.1, built on October 11 2019 (build-1020)
[[1;34mINFO[m] Clover is enabled with initstring '/home/khaes/phd/projects/explanation/code/tmp/proj-explanation/original/target/clover/clover.db'
[[1;34mINFO[m] OpenClover Version 4.4.1, built on October 11 2019 (build-1020)
[[1;34mINFO[m] Loading coverage database from: '/home/khaes/phd/projects/explanation/code/tmp/proj-explanation/original/target/clover/clover.db'
[[1;33mWARNING[m] No coverage recordings found. No report will be generated.
[[1;34mINFO[m] [1m------------------------------------------------------------------------[m
[[1;34mINFO[m] [1;31mBUILD FAILURE[m
[[1;34mINFO[m] [1m------------------------------------------------------------------------[m
[[1;34mINFO[m] Total time:  48.718 s
[[1;34mINFO[m] Finished at: 2022-04-02T22:59:29+02:00
[[1;34mINFO[m] [1m------------------------------------------------------------------------[m
[[1;31mERROR[m] Failed to execute goal [32morg.apache.maven.plugins:maven-surefire-plugin:2.14.1:test[m [1m(default-test)[m on project [36mcommons-math3[m: [1;31mExecution default-test of goal org.apache.maven.plugins:maven-surefire-plugin:2.14.1:test failed: The forked VM terminated without saying properly goodbye. VM crash or System.exit called ?[m
[[1;31mERROR[m] [1;31mCommand was/bin/sh -c cd /home/khaes/phd/projects/explanation/code/tmp/proj-explanation/original && /usr/lib/jvm/java-11-openjdk-amd64/bin/java -javaagent:/home/khaes/.m2/repository/org/jacoco/org.jacoco.agent/0.6.2.201302030002/org.jacoco.agent-0.6.2.201302030002-runtime.jar=destfile=/home/khaes/phd/projects/explanation/code/tmp/proj-explanation/original/target/jacoco.exec -jar /home/khaes/phd/projects/explanation/code/tmp/proj-explanation/original/target/surefire/surefirebooter18230357508737729556.jar /home/khaes/phd/projects/explanation/code/tmp/proj-explanation/original/target/surefire/surefire16689997435591180994tmp /home/khaes/phd/projects/explanation/code/tmp/proj-explanation/original/target/surefire/surefire_04659965639992592706tmp[m
[[1;31mERROR[m] -> [1m[Help 1][m
[[1;31mERROR[m] 
[[1;31mERROR[m] To see the full stack trace of the errors, re-run Maven with the [1m-e[m switch.
[[1;31mERROR[m] Re-run Maven using the [1m-X[m switch to enable full debug logging.
[[1;31mERROR[m] 
[[1;31mERROR[m] For more information about the errors and possible solutions, please read the following articles:
[[1;31mERROR[m] [1m[Help 1][m http://cwiki.apache.org/confluence/display/MAVEN/PluginExecutionException
[[1;34mINFO[m] Build failures were ignored.
