[[1;34mINFO[m] Scanning for projects...
[[1;33mWARNING[m] 
[[1;33mWARNING[m] Some problems were encountered while building the effective model for joda-time:joda-time:jar:2.1
[[1;33mWARNING[m] The expression ${pom.build.sourceDirectory} is deprecated. Please use ${project.build.sourceDirectory} instead.
[[1;33mWARNING[m] The expression ${pom.build.outputDirectory} is deprecated. Please use ${project.build.outputDirectory} instead.
[[1;33mWARNING[m] 
[[1;33mWARNING[m] It is highly recommended to fix these problems because they threaten the stability of your build.
[[1;33mWARNING[m] 
[[1;33mWARNING[m] For this reason, future Maven versions might no longer support building such malformed projects.
[[1;33mWARNING[m] 
Downloading from central: https://repo.maven.apache.org/maven2/org/apache/maven/plugins/maven-javadoc-plugin/2.8.1/maven-javadoc-plugin-2.8.1.pom
Progress (1): 2.7/15 kBProgress (1): 5.5/15 kBProgress (1): 8.2/15 kBProgress (1): 11/15 kB Progress (1): 14/15 kBProgress (1): 15 kB                      Downloaded from central: https://repo.maven.apache.org/maven2/org/apache/maven/plugins/maven-javadoc-plugin/2.8.1/maven-javadoc-plugin-2.8.1.pom (15 kB at 34 kB/s)
Downloading from central: https://repo.maven.apache.org/maven2/org/apache/maven/plugins/maven-javadoc-plugin/2.8.1/maven-javadoc-plugin-2.8.1.jar
Progress (1): 2.7/295 kBProgress (1): 5.5/295 kBProgress (1): 8.2/295 kBProgress (1): 11/295 kB Progress (1): 14/295 kBProgress (1): 16/295 kBProgress (1): 19/295 kBProgress (1): 21/295 kBProgress (1): 24/295 kBProgress (1): 27/295 kBProgress (1): 30/295 kBProgress (1): 32/295 kBProgress (1): 35/295 kBProgress (1): 38/295 kBProgress (1): 40/295 kBProgress (1): 43/295 kBProgress (1): 46/295 kBProgress (1): 49/295 kBProgress (1): 53/295 kBProgress (1): 57/295 kBProgress (1): 61/295 kBProgress (1): 65/295 kBProgress (1): 69/295 kBProgress (1): 73/295 kBProgress (1): 77/295 kBProgress (1): 81/295 kBProgress (1): 85/295 kBProgress (1): 90/295 kBProgress (1): 94/295 kBProgress (1): 98/295 kBProgress (1): 102/295 kBProgress (1): 106/295 kBProgress (1): 110/295 kBProgress (1): 114/295 kBProgress (1): 118/295 kBProgress (1): 122/295 kBProgress (1): 126/295 kBProgress (1): 131/295 kBProgress (1): 135/295 kBProgress (1): 139/295 kBProgress (1): 143/295 kBProgress (1): 147/295 kBProgress (1): 151/295 kBProgress (1): 155/295 kBProgress (1): 159/295 kBProgress (1): 163/295 kBProgress (1): 167/295 kBProgress (1): 171/295 kBProgress (1): 176/295 kBProgress (1): 180/295 kBProgress (1): 184/295 kBProgress (1): 188/295 kBProgress (1): 192/295 kBProgress (1): 196/295 kBProgress (1): 200/295 kBProgress (1): 204/295 kBProgress (1): 208/295 kBProgress (1): 212/295 kBProgress (1): 217/295 kBProgress (1): 221/295 kBProgress (1): 225/295 kBProgress (1): 229/295 kBProgress (1): 233/295 kBProgress (1): 237/295 kBProgress (1): 241/295 kBProgress (1): 245/295 kBProgress (1): 249/295 kBProgress (1): 253/295 kBProgress (1): 258/295 kBProgress (1): 262/295 kBProgress (1): 266/295 kBProgress (1): 270/295 kBProgress (1): 274/295 kBProgress (1): 278/295 kBProgress (1): 282/295 kBProgress (1): 286/295 kBProgress (1): 290/295 kBProgress (1): 294/295 kBProgress (1): 295 kB                        Downloaded from central: https://repo.maven.apache.org/maven2/org/apache/maven/plugins/maven-javadoc-plugin/2.8.1/maven-javadoc-plugin-2.8.1.jar (295 kB at 3.3 MB/s)
Downloading from central: https://repo.maven.apache.org/maven2/org/apache/maven/plugins/maven-site-plugin/2.3/maven-site-plugin-2.3.pom
Progress (1): 4.1/15 kBProgress (1): 8.2/15 kBProgress (1): 12/15 kB Progress (1): 15 kB                      Downloaded from central: https://repo.maven.apache.org/maven2/org/apache/maven/plugins/maven-site-plugin/2.3/maven-site-plugin-2.3.pom (15 kB at 1.2 MB/s)
Downloading from central: https://repo.maven.apache.org/maven2/org/apache/maven/plugins/maven-plugins/20/maven-plugins-20.pom
Progress (1): 4.1/13 kBProgress (1): 8.2/13 kBProgress (1): 12/13 kB Progress (1): 13 kB                      Downloaded from central: https://repo.maven.apache.org/maven2/org/apache/maven/plugins/maven-plugins/20/maven-plugins-20.pom (13 kB at 1.1 MB/s)
Downloading from central: https://repo.maven.apache.org/maven2/org/apache/maven/plugins/maven-site-plugin/2.3/maven-site-plugin-2.3.jar
Progress (1): 4.1/99 kBProgress (1): 8.2/99 kBProgress (1): 12/99 kB Progress (1): 16/99 kBProgress (1): 20/99 kBProgress (1): 24/99 kBProgress (1): 28/99 kBProgress (1): 32/99 kBProgress (1): 36/99 kBProgress (1): 40/99 kBProgress (1): 45/99 kBProgress (1): 49/99 kBProgress (1): 53/99 kBProgress (1): 57/99 kBProgress (1): 61/99 kBProgress (1): 65/99 kBProgress (1): 69/99 kBProgress (1): 73/99 kBProgress (1): 77/99 kBProgress (1): 81/99 kBProgress (1): 85/99 kBProgress (1): 90/99 kBProgress (1): 94/99 kBProgress (1): 98/99 kBProgress (1): 99 kB                      Downloaded from central: https://repo.maven.apache.org/maven2/org/apache/maven/plugins/maven-site-plugin/2.3/maven-site-plugin-2.3.jar (99 kB at 4.1 MB/s)
[[1;34mINFO[m] 
[[1;34mINFO[m] [1m------------------------< [0;36mjoda-time:joda-time[0;1m >-------------------------[m
[[1;34mINFO[m] [1mBuilding Joda time 2.1[m
[[1;34mINFO[m] [1m--------------------------------[ jar ]---------------------------------[m
[[1;34mINFO[m] 
[[1;34mINFO[m] [1m--- [0;32mmaven-clean-plugin:2.4.1:clean[m [1m(default-clean)[m @ [36mjoda-time[0;1m ---[m
[[1;34mINFO[m] 
[[1;34mINFO[m] [1m--- [0;32mclover-maven-plugin:4.4.1:setup[m [1m(default-cli)[m @ [36mjoda-time[0;1m ---[m
[[1;34mINFO[m] OpenClover Version 4.4.1, built on October 11 2019 (build-1020)
[[1;34mINFO[m] Creating new database at '/home/khaes/phd/projects/explanation/code/tmp/time-repo-test/original/target/clover/clover.db'.
[[1;34mINFO[m] Processing files at 1.9 source level.
[[1;34mINFO[m] Clover all over. Instrumented 156 files (7 packages).
[[1;34mINFO[m] OpenClover Version 4.4.1, built on October 11 2019 (build-1020)
[[1;34mINFO[m] Updating existing database at '/home/khaes/phd/projects/explanation/code/tmp/time-repo-test/original/target/clover/clover.db'.
[[1;34mINFO[m] Processing files at 1.9 source level.
[[1;34mINFO[m] Clover all over. Instrumented 154 files (7 packages).
[[1;34mINFO[m] 3907 test methods detected.
[[1;34mINFO[m] 
[[1;34mINFO[m] [1m--- [0;32mmaven-resources-plugin:2.6:resources[m [1m(default-resources)[m @ [36mjoda-time[0;1m ---[m
[[1;34mINFO[m] Using 'UTF-8' encoding to copy filtered resources.
[[1;34mINFO[m] Copying 2 resources to META-INF
[[1;34mINFO[m] Copying 7 resources to .
[[1;34mINFO[m] Copying 1 resource
[[1;34mINFO[m] 
[[1;34mINFO[m] [1m--- [0;32mmaven-compiler-plugin:2.3.2:compile[m [1m(default-compile)[m @ [36mjoda-time[0;1m ---[m
Downloading from central: https://repo.maven.apache.org/maven2/org/codehaus/plexus/plexus-compiler-api/1.8.1/plexus-compiler-api-1.8.1.pom
Progress (1): 805 B                   Downloaded from central: https://repo.maven.apache.org/maven2/org/codehaus/plexus/plexus-compiler-api/1.8.1/plexus-compiler-api-1.8.1.pom (805 B at 67 kB/s)
Downloading from central: https://repo.maven.apache.org/maven2/org/codehaus/plexus/plexus-compiler/1.8.1/plexus-compiler-1.8.1.pom
Progress (1): 3.5 kB                    Downloaded from central: https://repo.maven.apache.org/maven2/org/codehaus/plexus/plexus-compiler/1.8.1/plexus-compiler-1.8.1.pom (3.5 kB at 316 kB/s)
Downloading from central: https://repo.maven.apache.org/maven2/org/codehaus/plexus/plexus-compiler-manager/1.8.1/plexus-compiler-manager-1.8.1.pom
Progress (1): 713 B                   Downloaded from central: https://repo.maven.apache.org/maven2/org/codehaus/plexus/plexus-compiler-manager/1.8.1/plexus-compiler-manager-1.8.1.pom (713 B at 79 kB/s)
Downloading from central: https://repo.maven.apache.org/maven2/org/codehaus/plexus/plexus-compiler-javac/1.8.1/plexus-compiler-javac-1.8.1.pom
Progress (1): 710 B                   Downloaded from central: https://repo.maven.apache.org/maven2/org/codehaus/plexus/plexus-compiler-javac/1.8.1/plexus-compiler-javac-1.8.1.pom (710 B at 79 kB/s)
Downloading from central: https://repo.maven.apache.org/maven2/org/codehaus/plexus/plexus-compilers/1.8.1/plexus-compilers-1.8.1.pom
Progress (1): 1.3 kB                    Downloaded from central: https://repo.maven.apache.org/maven2/org/codehaus/plexus/plexus-compilers/1.8.1/plexus-compilers-1.8.1.pom (1.3 kB at 147 kB/s)
Downloading from central: https://repo.maven.apache.org/maven2/org/codehaus/plexus/plexus-compiler-api/1.8.1/plexus-compiler-api-1.8.1.jar
Downloading from central: https://repo.maven.apache.org/maven2/org/codehaus/plexus/plexus-compiler-manager/1.8.1/plexus-compiler-manager-1.8.1.jar
Downloading from central: https://repo.maven.apache.org/maven2/org/codehaus/plexus/plexus-compiler-javac/1.8.1/plexus-compiler-javac-1.8.1.jar
Progress (1): 4.1/20 kBProgress (1): 8.2/20 kBProgress (1): 12/20 kB Progress (1): 16/20 kBProgress (1): 20/20 kBProgress (1): 20 kB                      Downloaded from central: https://repo.maven.apache.org/maven2/org/codehaus/plexus/plexus-compiler-api/1.8.1/plexus-compiler-api-1.8.1.jar (20 kB at 605 kB/s)
Progress (1): 2.7/13 kBProgress (2): 2.7/13 kB | 2.7/5.3 kBProgress (2): 5.5/13 kB | 2.7/5.3 kBProgress (2): 5.5/13 kB | 5.3 kB    Progress (2): 8.2/13 kB | 5.3 kBProgress (2): 11/13 kB | 5.3 kB Progress (2): 13 kB | 5.3 kB                               Downloaded from central: https://repo.maven.apache.org/maven2/org/codehaus/plexus/plexus-compiler-manager/1.8.1/plexus-compiler-manager-1.8.1.jar (5.3 kB at 102 kB/s)
Downloaded from central: https://repo.maven.apache.org/maven2/org/codehaus/plexus/plexus-compiler-javac/1.8.1/plexus-compiler-javac-1.8.1.jar (13 kB at 241 kB/s)
[[1;34mINFO[m] Compiling 156 source files to /home/khaes/phd/projects/explanation/code/tmp/time-repo-test/original/target/classes
[[1;34mINFO[m] 
[[1;34mINFO[m] [1m--- [0;32mmaven-antrun-plugin:1.7:run[m [1m(default)[m @ [36mjoda-time[0;1m ---[m
[[1;34mINFO[m] Executing tasks

main:
    [mkdir] Created dir: /home/khaes/phd/projects/explanation/code/tmp/time-repo-test/original/target/classes/org/joda/time/tz/data
     [java] Writing zoneinfo files
     [java] Writing ZoneInfoMap
[[1;34mINFO[m] Executed tasks
[[1;34mINFO[m] 
[[1;34mINFO[m] [1m--- [0;32mmaven-resources-plugin:2.6:testResources[m [1m(default-testResources)[m @ [36mjoda-time[0;1m ---[m
[[1;34mINFO[m] Using 'UTF-8' encoding to copy filtered resources.
[[1;34mINFO[m] Copying 32 resources
[[1;34mINFO[m] 
[[1;34mINFO[m] [1m--- [0;32mmaven-compiler-plugin:2.3.2:testCompile[m [1m(default-testCompile)[m @ [36mjoda-time[0;1m ---[m
[[1;34mINFO[m] Compiling 154 source files to /home/khaes/phd/projects/explanation/code/tmp/time-repo-test/original/target/test-classes
[[1;34mINFO[m] 
[[1;34mINFO[m] [1m--- [0;32mmaven-surefire-plugin:2.12:test[m [1m(default-test)[m @ [36mjoda-time[0;1m ---[m
Downloading from central: https://repo.maven.apache.org/maven2/org/apache/maven/surefire/surefire-booter/2.12/surefire-booter-2.12.pom
Progress (1): 2.7/3.0 kBProgress (1): 3.0 kB                        Downloaded from central: https://repo.maven.apache.org/maven2/org/apache/maven/surefire/surefire-booter/2.12/surefire-booter-2.12.pom (3.0 kB at 252 kB/s)
Downloading from central: https://repo.maven.apache.org/maven2/org/apache/maven/surefire/surefire-api/2.12/surefire-api-2.12.pom
Progress (1): 2.5 kB                    Downloaded from central: https://repo.maven.apache.org/maven2/org/apache/maven/surefire/surefire-api/2.12/surefire-api-2.12.pom (2.5 kB at 178 kB/s)
Downloading from central: https://repo.maven.apache.org/maven2/org/apache/maven/surefire/maven-surefire-common/2.12/maven-surefire-common-2.12.pom
Progress (1): 2.7/5.1 kBProgress (1): 5.1 kB                        Downloaded from central: https://repo.maven.apache.org/maven2/org/apache/maven/surefire/maven-surefire-common/2.12/maven-surefire-common-2.12.pom (5.1 kB at 466 kB/s)
Downloading from central: https://repo.maven.apache.org/maven2/org/apache/maven/surefire/surefire-booter/2.12/surefire-booter-2.12.jar
Downloading from central: https://repo.maven.apache.org/maven2/org/apache/maven/surefire/surefire-api/2.12/surefire-api-2.12.jar
Downloading from central: https://repo.maven.apache.org/maven2/org/apache/maven/surefire/maven-surefire-common/2.12/maven-surefire-common-2.12.jar
Progress (1): 2.7/33 kBProgress (1): 5.5/33 kBProgress (1): 8.2/33 kBProgress (1): 11/33 kB Progress (1): 14/33 kBProgress (1): 16/33 kBProgress (1): 19/33 kBProgress (1): 21/33 kBProgress (1): 24/33 kBProgress (1): 27/33 kBProgress (2): 27/33 kB | 2.7/124 kBProgress (3): 27/33 kB | 2.7/124 kB | 4.1/224 kBProgress (3): 27/33 kB | 2.7/124 kB | 8.2/224 kBProgress (3): 27/33 kB | 2.7/124 kB | 12/224 kB Progress (3): 27/33 kB | 2.7/124 kB | 16/224 kBProgress (3): 27/33 kB | 5.5/124 kB | 16/224 kBProgress (3): 30/33 kB | 5.5/124 kB | 16/224 kBProgress (3): 32/33 kB | 5.5/124 kB | 16/224 kBProgress (3): 33 kB | 5.5/124 kB | 16/224 kB   Progress (3): 33 kB | 5.5/124 kB | 20/224 kBProgress (3): 33 kB | 8.2/124 kB | 20/224 kBProgress (3): 33 kB | 8.2/124 kB | 24/224 kBProgress (3): 33 kB | 11/124 kB | 24/224 kB Progress (3): 33 kB | 11/124 kB | 28/224 kBProgress (3): 33 kB | 14/124 kB | 28/224 kBProgress (3): 33 kB | 16/124 kB | 28/224 kBProgress (3): 33 kB | 16/124 kB | 32/224 kBProgress (3): 33 kB | 19/124 kB | 32/224 kBProgress (3): 33 kB | 21/124 kB | 32/224 kBProgress (3): 33 kB | 21/124 kB | 36/224 kBProgress (3): 33 kB | 24/124 kB | 36/224 kB                                           Downloaded from central: https://repo.maven.apache.org/maven2/org/apache/maven/surefire/surefire-booter/2.12/surefire-booter-2.12.jar (33 kB at 873 kB/s)
Progress (2): 24/124 kB | 40/224 kBProgress (2): 27/124 kB | 40/224 kBProgress (2): 27/124 kB | 45/224 kBProgress (2): 27/124 kB | 49/224 kBProgress (2): 30/124 kB | 49/224 kBProgress (2): 32/124 kB | 49/224 kBProgress (2): 32/124 kB | 53/224 kBProgress (2): 35/124 kB | 53/224 kBProgress (2): 35/124 kB | 57/224 kBProgress (2): 38/124 kB | 57/224 kBProgress (2): 38/124 kB | 61/224 kBProgress (2): 38/124 kB | 65/224 kBProgress (2): 40/124 kB | 65/224 kBProgress (2): 43/124 kB | 65/224 kBProgress (2): 43/124 kB | 69/224 kBProgress (2): 43/124 kB | 73/224 kBProgress (2): 46/124 kB | 73/224 kBProgress (2): 46/124 kB | 77/224 kBProgress (2): 46/124 kB | 81/224 kBProgress (2): 49/124 kB | 81/224 kBProgress (2): 49/124 kB | 85/224 kBProgress (2): 53/124 kB | 85/224 kBProgress (2): 53/124 kB | 90/224 kBProgress (2): 57/124 kB | 90/224 kBProgress (2): 57/124 kB | 94/224 kBProgress (2): 61/124 kB | 94/224 kBProgress (2): 61/124 kB | 98/224 kBProgress (2): 65/124 kB | 98/224 kBProgress (2): 65/124 kB | 102/224 kBProgress (2): 69/124 kB | 102/224 kBProgress (2): 69/124 kB | 106/224 kBProgress (2): 73/124 kB | 106/224 kBProgress (2): 73/124 kB | 110/224 kBProgress (2): 77/124 kB | 110/224 kBProgress (2): 77/124 kB | 114/224 kBProgress (2): 81/124 kB | 114/224 kBProgress (2): 81/124 kB | 118/224 kBProgress (2): 85/124 kB | 118/224 kBProgress (2): 85/124 kB | 122/224 kBProgress (2): 90/124 kB | 122/224 kBProgress (2): 90/124 kB | 126/224 kBProgress (2): 94/124 kB | 126/224 kBProgress (2): 94/124 kB | 131/224 kBProgress (2): 98/124 kB | 131/224 kBProgress (2): 98/124 kB | 135/224 kBProgress (2): 102/124 kB | 135/224 kBProgress (2): 102/124 kB | 139/224 kBProgress (2): 106/124 kB | 139/224 kBProgress (2): 106/124 kB | 143/224 kBProgress (2): 110/124 kB | 143/224 kBProgress (2): 110/124 kB | 147/224 kBProgress (2): 114/124 kB | 147/224 kBProgress (2): 118/124 kB | 147/224 kBProgress (2): 118/124 kB | 151/224 kBProgress (2): 122/124 kB | 151/224 kBProgress (2): 122/124 kB | 155/224 kBProgress (2): 124 kB | 155/224 kB    Progress (2): 124 kB | 159/224 kBProgress (2): 124 kB | 163/224 kBProgress (2): 124 kB | 167/224 kBProgress (2): 124 kB | 171/224 kBProgress (2): 124 kB | 176/224 kBProgress (2): 124 kB | 180/224 kBProgress (2): 124 kB | 184/224 kBProgress (2): 124 kB | 188/224 kBProgress (2): 124 kB | 192/224 kBProgress (2): 124 kB | 196/224 kBProgress (2): 124 kB | 200/224 kBProgress (2): 124 kB | 204/224 kBProgress (2): 124 kB | 208/224 kB                                 Downloaded from central: https://repo.maven.apache.org/maven2/org/apache/maven/surefire/surefire-api/2.12/surefire-api-2.12.jar (124 kB at 2.0 MB/s)
Progress (1): 212/224 kBProgress (1): 217/224 kBProgress (1): 221/224 kBProgress (1): 224 kB                        Downloaded from central: https://repo.maven.apache.org/maven2/org/apache/maven/surefire/maven-surefire-common/2.12/maven-surefire-common-2.12.jar (224 kB at 3.2 MB/s)
[[1;34mINFO[m] Surefire report directory: /home/khaes/phd/projects/explanation/code/tmp/time-repo-test/original/target/surefire-reports
Downloading from central: https://repo.maven.apache.org/maven2/org/apache/maven/surefire/surefire-junit3/2.12/surefire-junit3-2.12.pom
Progress (1): 1.7 kB                    Downloaded from central: https://repo.maven.apache.org/maven2/org/apache/maven/surefire/surefire-junit3/2.12/surefire-junit3-2.12.pom (1.7 kB at 189 kB/s)
Downloading from central: https://repo.maven.apache.org/maven2/org/apache/maven/surefire/surefire-providers/2.12/surefire-providers-2.12.pom
Progress (1): 2.3 kB                    Downloaded from central: https://repo.maven.apache.org/maven2/org/apache/maven/surefire/surefire-providers/2.12/surefire-providers-2.12.pom (2.3 kB at 261 kB/s)
Downloading from central: https://repo.maven.apache.org/maven2/org/apache/maven/surefire/surefire-junit3/2.12/surefire-junit3-2.12.jar
Progress (1): 4.1/26 kBProgress (1): 8.2/26 kBProgress (1): 12/26 kB Progress (1): 16/26 kBProgress (1): 20/26 kBProgress (1): 24/26 kBProgress (1): 26 kB                      Downloaded from central: https://repo.maven.apache.org/maven2/org/apache/maven/surefire/surefire-junit3/2.12/surefire-junit3-2.12.jar (26 kB at 2.0 MB/s)

-------------------------------------------------------
 T E S T S
-------------------------------------------------------
Running org.joda.time.TestMonthDay_Basics
Tests run: 62, Failures: 2, Errors: 6, Skipped: 0, Time elapsed: 0.335 sec <<< FAILURE!

Results :

Failed tests:   testPlusMonths_int_negativeEndOfMonthAdjust(org.joda.time.TestMonthDay_Basics): expected:<--02-29> but was:<--02-28>
  testMinusMonths_int_endOfMonthAdjust(org.joda.time.TestMonthDay_Basics): expected:<--02-29> but was:<--02-28>

Tests in error: 
  testPlusMonths_int_fromLeap(org.joda.time.TestMonthDay_Basics): Value 29 for dayOfMonth must be in the range [1,28]
  testPlusMonths_int_negativeFromLeap(org.joda.time.TestMonthDay_Basics): Value 29 for dayOfMonth must be in the range [1,28]
  testPlusDays_int_fromLeap(org.joda.time.TestMonthDay_Basics): Value 29 for dayOfMonth must be in the range [1,28]
  testMinusMonths_int_fromLeap(org.joda.time.TestMonthDay_Basics): Value 29 for dayOfMonth must be in the range [1,28]
  testMinusMonths_int_negativeFromLeap(org.joda.time.TestMonthDay_Basics): Value 29 for dayOfMonth must be in the range [1,28]
  testMinusDays_int_negativeFromLeap(org.joda.time.TestMonthDay_Basics): Value 29 for dayOfMonth must be in the range [1,28]

Tests run: 62, Failures: 2, Errors: 6, Skipped: 0

[[1;34mINFO[m] 
[[1;34mINFO[m] [1m------------------------< [0;36mjoda-time:joda-time[0;1m >-------------------------[m
[[1;34mINFO[m] [1mBuilding Joda time 2.1[m
[[1;34mINFO[m] [1m--------------------------------[ jar ]---------------------------------[m
[[1;34mINFO[m] 
[[1;34mINFO[m] [1m--- [0;32mclover-maven-plugin:4.4.1:aggregate[m [1m(default-cli)[m @ [36mjoda-time[0;1m ---[m
[[1;34mINFO[m] 
[[1;34mINFO[m] [1m------------------------< [0;36mjoda-time:joda-time[0;1m >-------------------------[m
[[1;34mINFO[m] [1mBuilding Joda time 2.1[m
[[1;34mINFO[m] [1m--------------------------------[ jar ]---------------------------------[m
[[1;34mINFO[m] 
[[1;34mINFO[m] [1m--- [0;32mclover-maven-plugin:4.4.1:clover[m [1m(default-cli)[m @ [36mjoda-time[0;1m ---[m
[[1;34mINFO[m] Using Clover report descriptor: /home/khaes/phd/projects/explanation/code/tmp/time-repo-test/original/clover-descriptor.xml
[[1;34mINFO[m] OpenClover Version 4.4.1, built on October 11 2019 (build-1020)
[[1;34mINFO[m] Clover is enabled with initstring '/home/khaes/phd/projects/explanation/code/tmp/time-repo-test/original/target/clover/clover.db'
[[1;34mINFO[m] OpenClover Version 4.4.1, built on October 11 2019 (build-1020)
[[1;34mINFO[m] Loading coverage database from: '/home/khaes/phd/projects/explanation/code/tmp/time-repo-test/original/target/clover/clover.db'
[[1;34mINFO[m] Writing HTML report to '/home/khaes/phd/projects/explanation/code/tmp/time-repo-test/original/target/site/clover'
[[1;34mINFO[m] Done. Processed 8 packages in 8566ms (1070ms per package).
[[1;34mINFO[m] OpenClover Version 4.4.1, built on October 11 2019 (build-1020)
[[1;34mINFO[m] Clover is enabled with initstring '/home/khaes/phd/projects/explanation/code/tmp/time-repo-test/original/target/clover/clover.db'
[[1;34mINFO[m] OpenClover Version 4.4.1, built on October 11 2019 (build-1020)
[[1;34mINFO[m] Loading coverage database from: '/home/khaes/phd/projects/explanation/code/tmp/time-repo-test/original/target/clover/clover.db'
[[1;34mINFO[m] Writing report to '/home/khaes/phd/projects/explanation/code/tmp/time-repo-test/original/target/site/clover/clover.xml'
[[1;34mINFO[m] [1m------------------------------------------------------------------------[m
[[1;34mINFO[m] [1;31mBUILD FAILURE[m
[[1;34mINFO[m] [1m------------------------------------------------------------------------[m
[[1;34mINFO[m] Total time:  44.880 s
[[1;34mINFO[m] Finished at: 2022-03-27T22:59:33+02:00
[[1;34mINFO[m] [1m------------------------------------------------------------------------[m
[[1;31mERROR[m] Failed to execute goal [32morg.apache.maven.plugins:maven-surefire-plugin:2.12:test[m [1m(default-test)[m on project [36mjoda-time[m: [1;31mThere are test failures.[m
[[1;31mERROR[m] [1;31m[m
[[1;31mERROR[m] [1;31mPlease refer to /home/khaes/phd/projects/explanation/code/tmp/time-repo-test/original/target/surefire-reports for the individual test results.[m
[[1;31mERROR[m] -> [1m[Help 1][m
[[1;31mERROR[m] 
[[1;31mERROR[m] To see the full stack trace of the errors, re-run Maven with the [1m-e[m switch.
[[1;31mERROR[m] Re-run Maven using the [1m-X[m switch to enable full debug logging.
[[1;31mERROR[m] 
[[1;31mERROR[m] For more information about the errors and possible solutions, please read the following articles:
[[1;31mERROR[m] [1m[Help 1][m http://cwiki.apache.org/confluence/display/MAVEN/MojoFailureException
[[1;34mINFO[m] Build failures were ignored.
[[1;34mINFO[m] Scanning for projects...
[[1;33mWARNING[m] 
[[1;33mWARNING[m] Some problems were encountered while building the effective model for joda-time:joda-time:jar:2.1
[[1;33mWARNING[m] The expression ${pom.build.sourceDirectory} is deprecated. Please use ${project.build.sourceDirectory} instead.
[[1;33mWARNING[m] The expression ${pom.build.outputDirectory} is deprecated. Please use ${project.build.outputDirectory} instead.
[[1;33mWARNING[m] 
[[1;33mWARNING[m] It is highly recommended to fix these problems because they threaten the stability of your build.
[[1;33mWARNING[m] 
[[1;33mWARNING[m] For this reason, future Maven versions might no longer support building such malformed projects.
[[1;33mWARNING[m] 
[[1;34mINFO[m] 
[[1;34mINFO[m] [1m------------------------< [0;36mjoda-time:joda-time[0;1m >-------------------------[m
[[1;34mINFO[m] [1mBuilding Joda time 2.1[m
[[1;34mINFO[m] [1m--------------------------------[ jar ]---------------------------------[m
[[1;34mINFO[m] 
[[1;34mINFO[m] [1m--- [0;32mmaven-clean-plugin:2.4.1:clean[m [1m(default-clean)[m @ [36mjoda-time[0;1m ---[m
[[1;34mINFO[m] 
[[1;34mINFO[m] [1m--- [0;32mclover-maven-plugin:4.4.1:setup[m [1m(default-cli)[m @ [36mjoda-time[0;1m ---[m
[[1;34mINFO[m] OpenClover Version 4.4.1, built on October 11 2019 (build-1020)
[[1;34mINFO[m] Creating new database at '/home/khaes/phd/projects/explanation/code/tmp/time-repo-test/patched/target/clover/clover.db'.
[[1;34mINFO[m] Processing files at 1.9 source level.
[[1;34mINFO[m] Clover all over. Instrumented 156 files (7 packages).
[[1;34mINFO[m] OpenClover Version 4.4.1, built on October 11 2019 (build-1020)
[[1;34mINFO[m] Updating existing database at '/home/khaes/phd/projects/explanation/code/tmp/time-repo-test/patched/target/clover/clover.db'.
[[1;34mINFO[m] Processing files at 1.9 source level.
[[1;34mINFO[m] Clover all over. Instrumented 154 files (7 packages).
[[1;34mINFO[m] 3907 test methods detected.
[[1;34mINFO[m] 
[[1;34mINFO[m] [1m--- [0;32mmaven-resources-plugin:2.6:resources[m [1m(default-resources)[m @ [36mjoda-time[0;1m ---[m
[[1;34mINFO[m] Using 'UTF-8' encoding to copy filtered resources.
[[1;34mINFO[m] Copying 2 resources to META-INF
[[1;34mINFO[m] Copying 7 resources to .
[[1;34mINFO[m] Copying 1 resource
[[1;34mINFO[m] 
[[1;34mINFO[m] [1m--- [0;32mmaven-compiler-plugin:2.3.2:compile[m [1m(default-compile)[m @ [36mjoda-time[0;1m ---[m
[[1;34mINFO[m] Compiling 156 source files to /home/khaes/phd/projects/explanation/code/tmp/time-repo-test/patched/target/classes
[[1;34mINFO[m] 
[[1;34mINFO[m] [1m--- [0;32mmaven-antrun-plugin:1.7:run[m [1m(default)[m @ [36mjoda-time[0;1m ---[m
[[1;34mINFO[m] Executing tasks

main:
    [mkdir] Created dir: /home/khaes/phd/projects/explanation/code/tmp/time-repo-test/patched/target/classes/org/joda/time/tz/data
     [java] Writing zoneinfo files
     [java] Writing ZoneInfoMap
[[1;34mINFO[m] Executed tasks
[[1;34mINFO[m] 
[[1;34mINFO[m] [1m--- [0;32mmaven-resources-plugin:2.6:testResources[m [1m(default-testResources)[m @ [36mjoda-time[0;1m ---[m
[[1;34mINFO[m] Using 'UTF-8' encoding to copy filtered resources.
[[1;34mINFO[m] Copying 32 resources
[[1;34mINFO[m] 
[[1;34mINFO[m] [1m--- [0;32mmaven-compiler-plugin:2.3.2:testCompile[m [1m(default-testCompile)[m @ [36mjoda-time[0;1m ---[m
[[1;34mINFO[m] Compiling 154 source files to /home/khaes/phd/projects/explanation/code/tmp/time-repo-test/patched/target/test-classes
[[1;34mINFO[m] 
[[1;34mINFO[m] [1m--- [0;32mmaven-surefire-plugin:2.12:test[m [1m(default-test)[m @ [36mjoda-time[0;1m ---[m
[[1;34mINFO[m] Surefire report directory: /home/khaes/phd/projects/explanation/code/tmp/time-repo-test/patched/target/surefire-reports

-------------------------------------------------------
 T E S T S
-------------------------------------------------------
Running org.joda.time.TestMonthDay_Basics
Tests run: 62, Failures: 0, Errors: 0, Skipped: 0, Time elapsed: 0.319 sec

Results :

Tests run: 62, Failures: 0, Errors: 0, Skipped: 0

[[1;34mINFO[m] 
[[1;34mINFO[m] [1m------------------------< [0;36mjoda-time:joda-time[0;1m >-------------------------[m
[[1;34mINFO[m] [1mBuilding Joda time 2.1[m
[[1;34mINFO[m] [1m--------------------------------[ jar ]---------------------------------[m
[[1;34mINFO[m] 
[[1;34mINFO[m] [1m--- [0;32mclover-maven-plugin:4.4.1:aggregate[m [1m(default-cli)[m @ [36mjoda-time[0;1m ---[m
[[1;34mINFO[m] 
[[1;34mINFO[m] [1m------------------------< [0;36mjoda-time:joda-time[0;1m >-------------------------[m
[[1;34mINFO[m] [1mBuilding Joda time 2.1[m
[[1;34mINFO[m] [1m--------------------------------[ jar ]---------------------------------[m
[[1;34mINFO[m] 
[[1;34mINFO[m] [1m--- [0;32mclover-maven-plugin:4.4.1:clover[m [1m(default-cli)[m @ [36mjoda-time[0;1m ---[m
[[1;34mINFO[m] Using Clover report descriptor: /home/khaes/phd/projects/explanation/code/tmp/time-repo-test/patched/clover-descriptor.xml
[[1;34mINFO[m] OpenClover Version 4.4.1, built on October 11 2019 (build-1020)
[[1;34mINFO[m] Clover is enabled with initstring '/home/khaes/phd/projects/explanation/code/tmp/time-repo-test/patched/target/clover/clover.db'
[[1;34mINFO[m] OpenClover Version 4.4.1, built on October 11 2019 (build-1020)
[[1;34mINFO[m] Loading coverage database from: '/home/khaes/phd/projects/explanation/code/tmp/time-repo-test/patched/target/clover/clover.db'
[[1;34mINFO[m] Writing HTML report to '/home/khaes/phd/projects/explanation/code/tmp/time-repo-test/patched/target/site/clover'
[[1;34mINFO[m] Done. Processed 8 packages in 8203ms (1025ms per package).
[[1;34mINFO[m] OpenClover Version 4.4.1, built on October 11 2019 (build-1020)
[[1;34mINFO[m] Clover is enabled with initstring '/home/khaes/phd/projects/explanation/code/tmp/time-repo-test/patched/target/clover/clover.db'
[[1;34mINFO[m] OpenClover Version 4.4.1, built on October 11 2019 (build-1020)
[[1;34mINFO[m] Loading coverage database from: '/home/khaes/phd/projects/explanation/code/tmp/time-repo-test/patched/target/clover/clover.db'
[[1;34mINFO[m] Writing report to '/home/khaes/phd/projects/explanation/code/tmp/time-repo-test/patched/target/site/clover/clover.xml'
[[1;34mINFO[m] [1m------------------------------------------------------------------------[m
[[1;34mINFO[m] [1;32mBUILD SUCCESS[m
[[1;34mINFO[m] [1m------------------------------------------------------------------------[m
[[1;34mINFO[m] Total time:  44.009 s
[[1;34mINFO[m] Finished at: 2022-03-27T23:00:20+02:00
[[1;34mINFO[m] [1m------------------------------------------------------------------------[m
