[[1;34mINFO[m] Scanning for projects...
[[1;33mWARNING[m] 
[[1;33mWARNING[m] Some problems were encountered while building the effective model for joda-time:joda-time:jar:2.1.alpha
[[1;33mWARNING[m] The expression ${pom.build.sourceDirectory} is deprecated. Please use ${project.build.sourceDirectory} instead.
[[1;33mWARNING[m] The expression ${pom.build.outputDirectory} is deprecated. Please use ${project.build.outputDirectory} instead.
[[1;33mWARNING[m] 
[[1;33mWARNING[m] It is highly recommended to fix these problems because they threaten the stability of your build.
[[1;33mWARNING[m] 
[[1;33mWARNING[m] For this reason, future Maven versions might no longer support building such malformed projects.
[[1;33mWARNING[m] 
[[1;34mINFO[m] 
[[1;34mINFO[m] [1m------------------------< [0;36mjoda-time:joda-time[0;1m >-------------------------[m
[[1;34mINFO[m] [1mBuilding Joda time 2.1.alpha[m
[[1;34mINFO[m] [1m--------------------------------[ jar ]---------------------------------[m
[[1;34mINFO[m] 
[[1;34mINFO[m] [1m--- [0;32mmaven-clean-plugin:2.4.1:clean[m [1m(default-clean)[m @ [36mjoda-time[0;1m ---[m
[[1;34mINFO[m] 
[[1;34mINFO[m] [1m--- [0;32mclover-maven-plugin:4.4.1:setup[m [1m(default-cli)[m @ [36mjoda-time[0;1m ---[m
[[1;34mINFO[m] OpenClover Version 4.4.1, built on October 11 2019 (build-1020)
[[1;34mINFO[m] Creating new database at '/home/khaes/phd/projects/explanation/code/tmp/time-repo-test/original/target/clover/clover.db'.
[[1;34mINFO[m] Processing files at 1.9 source level.
[[1;34mINFO[m] Clover all over. Instrumented 156 files (7 packages).
[[1;34mINFO[m] OpenClover Version 4.4.1, built on October 11 2019 (build-1020)
[[1;34mINFO[m] Updating existing database at '/home/khaes/phd/projects/explanation/code/tmp/time-repo-test/original/target/clover/clover.db'.
[[1;34mINFO[m] Processing files at 1.9 source level.
[[1;34mINFO[m] Clover all over. Instrumented 153 files (7 packages).
[[1;34mINFO[m] 3874 test methods detected.
[[1;34mINFO[m] 
[[1;34mINFO[m] [1m--- [0;32mmaven-resources-plugin:2.6:resources[m [1m(default-resources)[m @ [36mjoda-time[0;1m ---[m
[[1;34mINFO[m] Using 'UTF-8' encoding to copy filtered resources.
[[1;34mINFO[m] Copying 2 resources to META-INF
[[1;34mINFO[m] Copying 6 resources to .
[[1;34mINFO[m] Copying 1 resource
[[1;34mINFO[m] 
[[1;34mINFO[m] [1m--- [0;32mmaven-compiler-plugin:2.3.1:compile[m [1m(default-compile)[m @ [36mjoda-time[0;1m ---[m
[[1;34mINFO[m] Compiling 156 source files to /home/khaes/phd/projects/explanation/code/tmp/time-repo-test/original/target/classes
[[1;34mINFO[m] 
[[1;34mINFO[m] [1m--- [0;32mmaven-antrun-plugin:1.4:run[m [1m(default)[m @ [36mjoda-time[0;1m ---[m
project.artifactId
[[1;34mINFO[m] Executing tasks
    [mkdir] Created dir: /home/khaes/phd/projects/explanation/code/tmp/time-repo-test/original/target/classes/org/joda/time/tz/data
     [java] Writing zoneinfo files
     [java] Writing ZoneInfoMap
[[1;34mINFO[m] Executed tasks
[[1;34mINFO[m] 
[[1;34mINFO[m] [1m--- [0;32mmaven-resources-plugin:2.6:testResources[m [1m(default-testResources)[m @ [36mjoda-time[0;1m ---[m
[[1;34mINFO[m] Using 'UTF-8' encoding to copy filtered resources.
[[1;34mINFO[m] Copying 32 resources
[[1;34mINFO[m] 
[[1;34mINFO[m] [1m--- [0;32mmaven-compiler-plugin:2.3.1:testCompile[m [1m(default-testCompile)[m @ [36mjoda-time[0;1m ---[m
[[1;34mINFO[m] Compiling 153 source files to /home/khaes/phd/projects/explanation/code/tmp/time-repo-test/original/target/test-classes
[[1;34mINFO[m] 
[[1;34mINFO[m] [1m--- [0;32mmaven-surefire-plugin:2.5:test[m [1m(default-test)[m @ [36mjoda-time[0;1m ---[m
[[1;34mINFO[m] Surefire report directory: /home/khaes/phd/projects/explanation/code/tmp/time-repo-test/original/target/surefire-reports

-------------------------------------------------------
 T E S T S
-------------------------------------------------------
Running org.joda.time.chrono.TestGJChronology
Tests run: 27, Failures: 0, Errors: 1, Skipped: 0, Time elapsed: 0.967 sec <<< FAILURE!

Results :

Tests in error: 
  testLeapYearRulesConstruction(org.joda.time.chrono.TestGJChronology)

Tests run: 27, Failures: 0, Errors: 1, Skipped: 0

[[1;34mINFO[m] 
[[1;34mINFO[m] [1m------------------------< [0;36mjoda-time:joda-time[0;1m >-------------------------[m
[[1;34mINFO[m] [1mBuilding Joda time 2.1.alpha[m
[[1;34mINFO[m] [1m--------------------------------[ jar ]---------------------------------[m
[[1;34mINFO[m] 
[[1;34mINFO[m] [1m--- [0;32mclover-maven-plugin:4.4.1:aggregate[m [1m(default-cli)[m @ [36mjoda-time[0;1m ---[m
[[1;34mINFO[m] 
[[1;34mINFO[m] [1m------------------------< [0;36mjoda-time:joda-time[0;1m >-------------------------[m
[[1;34mINFO[m] [1mBuilding Joda time 2.1.alpha[m
[[1;34mINFO[m] [1m--------------------------------[ jar ]---------------------------------[m
[[1;34mINFO[m] 
[[1;34mINFO[m] [1m--- [0;32mclover-maven-plugin:4.4.1:clover[m [1m(default-cli)[m @ [36mjoda-time[0;1m ---[m
[[1;34mINFO[m] Using Clover report descriptor: /home/khaes/phd/projects/explanation/code/tmp/time-repo-test/original/clover-descriptor.xml
[[1;34mINFO[m] OpenClover Version 4.4.1, built on October 11 2019 (build-1020)
[[1;34mINFO[m] Clover is enabled with initstring '/home/khaes/phd/projects/explanation/code/tmp/time-repo-test/original/target/clover/clover.db'
[[1;34mINFO[m] OpenClover Version 4.4.1, built on October 11 2019 (build-1020)
[[1;34mINFO[m] Loading coverage database from: '/home/khaes/phd/projects/explanation/code/tmp/time-repo-test/original/target/clover/clover.db'
[[1;34mINFO[m] Writing HTML report to '/home/khaes/phd/projects/explanation/code/tmp/time-repo-test/original/target/site/clover'
[[1;34mINFO[m] Done. Processed 8 packages in 7731ms (966ms per package).
[[1;34mINFO[m] OpenClover Version 4.4.1, built on October 11 2019 (build-1020)
[[1;34mINFO[m] Clover is enabled with initstring '/home/khaes/phd/projects/explanation/code/tmp/time-repo-test/original/target/clover/clover.db'
[[1;34mINFO[m] OpenClover Version 4.4.1, built on October 11 2019 (build-1020)
[[1;34mINFO[m] Loading coverage database from: '/home/khaes/phd/projects/explanation/code/tmp/time-repo-test/original/target/clover/clover.db'
[[1;34mINFO[m] Writing report to '/home/khaes/phd/projects/explanation/code/tmp/time-repo-test/original/target/site/clover/clover.xml'
[[1;34mINFO[m] [1m------------------------------------------------------------------------[m
[[1;34mINFO[m] [1;31mBUILD FAILURE[m
[[1;34mINFO[m] [1m------------------------------------------------------------------------[m
[[1;34mINFO[m] Total time:  43.331 s
[[1;34mINFO[m] Finished at: 2022-03-27T23:14:45+02:00
[[1;34mINFO[m] [1m------------------------------------------------------------------------[m
[[1;31mERROR[m] Failed to execute goal [32morg.apache.maven.plugins:maven-surefire-plugin:2.5:test[m [1m(default-test)[m on project [36mjoda-time[m: [1;31mThere are test failures.[m
[[1;31mERROR[m] [1;31m[m
[[1;31mERROR[m] [1;31mPlease refer to /home/khaes/phd/projects/explanation/code/tmp/time-repo-test/original/target/surefire-reports for the individual test results.[m
[[1;31mERROR[m] -> [1m[Help 1][m
[[1;31mERROR[m] 
[[1;31mERROR[m] To see the full stack trace of the errors, re-run Maven with the [1m-e[m switch.
[[1;31mERROR[m] Re-run Maven using the [1m-X[m switch to enable full debug logging.
[[1;31mERROR[m] 
[[1;31mERROR[m] For more information about the errors and possible solutions, please read the following articles:
[[1;31mERROR[m] [1m[Help 1][m http://cwiki.apache.org/confluence/display/MAVEN/MojoFailureException
[[1;34mINFO[m] Build failures were ignored.
[[1;34mINFO[m] Scanning for projects...
[[1;33mWARNING[m] 
[[1;33mWARNING[m] Some problems were encountered while building the effective model for joda-time:joda-time:jar:2.1.alpha
[[1;33mWARNING[m] The expression ${pom.build.sourceDirectory} is deprecated. Please use ${project.build.sourceDirectory} instead.
[[1;33mWARNING[m] The expression ${pom.build.outputDirectory} is deprecated. Please use ${project.build.outputDirectory} instead.
[[1;33mWARNING[m] 
[[1;33mWARNING[m] It is highly recommended to fix these problems because they threaten the stability of your build.
[[1;33mWARNING[m] 
[[1;33mWARNING[m] For this reason, future Maven versions might no longer support building such malformed projects.
[[1;33mWARNING[m] 
[[1;34mINFO[m] 
[[1;34mINFO[m] [1m------------------------< [0;36mjoda-time:joda-time[0;1m >-------------------------[m
[[1;34mINFO[m] [1mBuilding Joda time 2.1.alpha[m
[[1;34mINFO[m] [1m--------------------------------[ jar ]---------------------------------[m
[[1;34mINFO[m] 
[[1;34mINFO[m] [1m--- [0;32mmaven-clean-plugin:2.4.1:clean[m [1m(default-clean)[m @ [36mjoda-time[0;1m ---[m
[[1;34mINFO[m] 
[[1;34mINFO[m] [1m--- [0;32mclover-maven-plugin:4.4.1:setup[m [1m(default-cli)[m @ [36mjoda-time[0;1m ---[m
[[1;34mINFO[m] OpenClover Version 4.4.1, built on October 11 2019 (build-1020)
[[1;34mINFO[m] Creating new database at '/home/khaes/phd/projects/explanation/code/tmp/time-repo-test/patched/target/clover/clover.db'.
[[1;34mINFO[m] Processing files at 1.9 source level.
[[1;34mINFO[m] Clover all over. Instrumented 156 files (7 packages).
[[1;34mINFO[m] OpenClover Version 4.4.1, built on October 11 2019 (build-1020)
[[1;34mINFO[m] Updating existing database at '/home/khaes/phd/projects/explanation/code/tmp/time-repo-test/patched/target/clover/clover.db'.
[[1;34mINFO[m] Processing files at 1.9 source level.
[[1;34mINFO[m] Clover all over. Instrumented 153 files (7 packages).
[[1;34mINFO[m] 3874 test methods detected.
[[1;34mINFO[m] 
[[1;34mINFO[m] [1m--- [0;32mmaven-resources-plugin:2.6:resources[m [1m(default-resources)[m @ [36mjoda-time[0;1m ---[m
[[1;34mINFO[m] Using 'UTF-8' encoding to copy filtered resources.
[[1;34mINFO[m] Copying 2 resources to META-INF
[[1;34mINFO[m] Copying 6 resources to .
[[1;34mINFO[m] Copying 1 resource
[[1;34mINFO[m] 
[[1;34mINFO[m] [1m--- [0;32mmaven-compiler-plugin:2.3.1:compile[m [1m(default-compile)[m @ [36mjoda-time[0;1m ---[m
[[1;34mINFO[m] Compiling 156 source files to /home/khaes/phd/projects/explanation/code/tmp/time-repo-test/patched/target/classes
[[1;34mINFO[m] 
[[1;34mINFO[m] [1m--- [0;32mmaven-antrun-plugin:1.4:run[m [1m(default)[m @ [36mjoda-time[0;1m ---[m
project.artifactId
[[1;34mINFO[m] Executing tasks
    [mkdir] Created dir: /home/khaes/phd/projects/explanation/code/tmp/time-repo-test/patched/target/classes/org/joda/time/tz/data
     [java] Writing zoneinfo files
     [java] Writing ZoneInfoMap
[[1;34mINFO[m] Executed tasks
[[1;34mINFO[m] 
[[1;34mINFO[m] [1m--- [0;32mmaven-resources-plugin:2.6:testResources[m [1m(default-testResources)[m @ [36mjoda-time[0;1m ---[m
[[1;34mINFO[m] Using 'UTF-8' encoding to copy filtered resources.
[[1;34mINFO[m] Copying 32 resources
[[1;34mINFO[m] 
[[1;34mINFO[m] [1m--- [0;32mmaven-compiler-plugin:2.3.1:testCompile[m [1m(default-testCompile)[m @ [36mjoda-time[0;1m ---[m
[[1;34mINFO[m] Compiling 153 source files to /home/khaes/phd/projects/explanation/code/tmp/time-repo-test/patched/target/test-classes
[[1;34mINFO[m] 
[[1;34mINFO[m] [1m--- [0;32mmaven-surefire-plugin:2.5:test[m [1m(default-test)[m @ [36mjoda-time[0;1m ---[m
[[1;34mINFO[m] Surefire report directory: /home/khaes/phd/projects/explanation/code/tmp/time-repo-test/patched/target/surefire-reports

-------------------------------------------------------
 T E S T S
-------------------------------------------------------
Running org.joda.time.chrono.TestGJChronology
Tests run: 27, Failures: 0, Errors: 0, Skipped: 0, Time elapsed: 0.925 sec

Results :

Tests run: 27, Failures: 0, Errors: 0, Skipped: 0

[[1;34mINFO[m] 
[[1;34mINFO[m] [1m------------------------< [0;36mjoda-time:joda-time[0;1m >-------------------------[m
[[1;34mINFO[m] [1mBuilding Joda time 2.1.alpha[m
[[1;34mINFO[m] [1m--------------------------------[ jar ]---------------------------------[m
[[1;34mINFO[m] 
[[1;34mINFO[m] [1m--- [0;32mclover-maven-plugin:4.4.1:aggregate[m [1m(default-cli)[m @ [36mjoda-time[0;1m ---[m
[[1;34mINFO[m] 
[[1;34mINFO[m] [1m------------------------< [0;36mjoda-time:joda-time[0;1m >-------------------------[m
[[1;34mINFO[m] [1mBuilding Joda time 2.1.alpha[m
[[1;34mINFO[m] [1m--------------------------------[ jar ]---------------------------------[m
[[1;34mINFO[m] 
[[1;34mINFO[m] [1m--- [0;32mclover-maven-plugin:4.4.1:clover[m [1m(default-cli)[m @ [36mjoda-time[0;1m ---[m
[[1;34mINFO[m] Using Clover report descriptor: /home/khaes/phd/projects/explanation/code/tmp/time-repo-test/patched/clover-descriptor.xml
[[1;34mINFO[m] OpenClover Version 4.4.1, built on October 11 2019 (build-1020)
[[1;34mINFO[m] Clover is enabled with initstring '/home/khaes/phd/projects/explanation/code/tmp/time-repo-test/patched/target/clover/clover.db'
[[1;34mINFO[m] OpenClover Version 4.4.1, built on October 11 2019 (build-1020)
[[1;34mINFO[m] Loading coverage database from: '/home/khaes/phd/projects/explanation/code/tmp/time-repo-test/patched/target/clover/clover.db'
[[1;34mINFO[m] Writing HTML report to '/home/khaes/phd/projects/explanation/code/tmp/time-repo-test/patched/target/site/clover'
[[1;34mINFO[m] Done. Processed 8 packages in 7849ms (981ms per package).
[[1;34mINFO[m] OpenClover Version 4.4.1, built on October 11 2019 (build-1020)
[[1;34mINFO[m] Clover is enabled with initstring '/home/khaes/phd/projects/explanation/code/tmp/time-repo-test/patched/target/clover/clover.db'
[[1;34mINFO[m] OpenClover Version 4.4.1, built on October 11 2019 (build-1020)
[[1;34mINFO[m] Loading coverage database from: '/home/khaes/phd/projects/explanation/code/tmp/time-repo-test/patched/target/clover/clover.db'
[[1;34mINFO[m] Writing report to '/home/khaes/phd/projects/explanation/code/tmp/time-repo-test/patched/target/site/clover/clover.xml'
[[1;34mINFO[m] [1m------------------------------------------------------------------------[m
[[1;34mINFO[m] [1;32mBUILD SUCCESS[m
[[1;34mINFO[m] [1m------------------------------------------------------------------------[m
[[1;34mINFO[m] Total time:  42.994 s
[[1;34mINFO[m] Finished at: 2022-03-27T23:15:31+02:00
[[1;34mINFO[m] [1m------------------------------------------------------------------------[m
